<?xml version="1.0" encoding="UTF-8"?>
<testsuite xmlns:xsi="http://www.w3.org/2001/XMLSchema-instance" xsi:noNamespaceSchemaLocation="https://maven.apache.org/surefire/maven-surefire-plugin/xsd/surefire-test-report.xsd" name="TestSuite" time="5.841" tests="5" errors="0" skipped="0" failures="0">
  <properties>
    <property name="sun.desktop" value="windows"/>
    <property name="awt.toolkit" value="sun.awt.windows.WToolkit"/>
    <property name="file.encoding.pkg" value="sun.io"/>
    <property name="java.specification.version" value="1.8"/>
    <property name="sun.cpu.isalist" value="amd64"/>
    <property name="sun.jnu.encoding" value="Cp1252"/>
    <property name="java.class.path" value="D:\Selenium\ProjectSpace\Webservices\target\test-classes;D:\Selenium\ProjectSpace\Webservices\target\classes;C:\Users\Prabhu\.m2\repository\org\testng\testng\6.14.3\testng-6.14.3.jar;C:\Users\Prabhu\.m2\repository\com\beust\jcommander\1.72\jcommander-1.72.jar;C:\Users\Prabhu\.m2\repository\org\apache-extras\beanshell\bsh\2.0b6\bsh-2.0b6.jar;C:\Users\Prabhu\.m2\repository\org\apache\httpcomponents\httpclient\4.5.6\httpclient-4.5.6.jar;C:\Users\Prabhu\.m2\repository\org\apache\httpcomponents\httpcore\4.4.10\httpcore-4.4.10.jar;C:\Users\Prabhu\.m2\repository\commons-logging\commons-logging\1.2\commons-logging-1.2.jar;C:\Users\Prabhu\.m2\repository\commons-codec\commons-codec\1.10\commons-codec-1.10.jar;C:\Users\Prabhu\.m2\repository\org\json\json\20180813\json-20180813.jar;C:\Users\Prabhu\.m2\repository\com\google\code\gson\gson\2.8.5\gson-2.8.5.jar;C:\Users\Prabhu\.m2\repository\org\apache\maven\surefire\surefire-testng-utils\2.21.0\surefire-testng-utils-2.21.0.jar;C:\Users\Prabhu\.m2\repository\org\apache\maven\surefire\surefire-grouper\2.21.0\surefire-grouper-2.21.0.jar;"/>
    <property name="java.vm.vendor" value="Oracle Corporation"/>
    <property name="sun.arch.data.model" value="64"/>
    <property name="user.variant" value=""/>
    <property name="java.vendor.url" value="http://java.oracle.com/"/>
    <property name="user.timezone" value=""/>
    <property name="java.vm.specification.version" value="1.8"/>
    <property name="os.name" value="Windows 10"/>
    <property name="user.country" value="IN"/>
    <property name="sun.java.launcher" value="SUN_STANDARD"/>
    <property name="sun.boot.library.path" value="C:\Program Files\Java\jdk1.8.0_121\jre\bin"/>
    <property name="sun.java.command" value="C:\Users\Prabhu\AppData\Local\Temp\surefire2773969408981510982\surefirebooter1655079530676346620.jar C:\Users\Prabhu\AppData\Local\Temp\surefire2773969408981510982 2018-12-11T23-13-26_788-jvmRun1 surefire1966788731991063042tmp surefire_0112536809673839557tmp"/>
    <property name="surefire.test.class.path" value="D:\Selenium\ProjectSpace\Webservices\target\test-classes;D:\Selenium\ProjectSpace\Webservices\target\classes;C:\Users\Prabhu\.m2\repository\org\testng\testng\6.14.3\testng-6.14.3.jar;C:\Users\Prabhu\.m2\repository\com\beust\jcommander\1.72\jcommander-1.72.jar;C:\Users\Prabhu\.m2\repository\org\apache-extras\beanshell\bsh\2.0b6\bsh-2.0b6.jar;C:\Users\Prabhu\.m2\repository\org\apache\httpcomponents\httpclient\4.5.6\httpclient-4.5.6.jar;C:\Users\Prabhu\.m2\repository\org\apache\httpcomponents\httpcore\4.4.10\httpcore-4.4.10.jar;C:\Users\Prabhu\.m2\repository\commons-logging\commons-logging\1.2\commons-logging-1.2.jar;C:\Users\Prabhu\.m2\repository\commons-codec\commons-codec\1.10\commons-codec-1.10.jar;C:\Users\Prabhu\.m2\repository\org\json\json\20180813\json-20180813.jar;C:\Users\Prabhu\.m2\repository\com\google\code\gson\gson\2.8.5\gson-2.8.5.jar;C:\Users\Prabhu\.m2\repository\org\apache\maven\surefire\surefire-testng-utils\2.21.0\surefire-testng-utils-2.21.0.jar;C:\Users\Prabhu\.m2\repository\org\apache\maven\surefire\surefire-grouper\2.21.0\surefire-grouper-2.21.0.jar;"/>
    <property name="sun.cpu.endian" value="little"/>
    <property name="user.home" value="C:\Users\Prabhu"/>
    <property name="user.language" value="en"/>
    <property name="java.specification.vendor" value="Oracle Corporation"/>
    <property name="java.home" value="C:\Program Files\Java\jdk1.8.0_121\jre"/>
    <property name="basedir" value="D:\Selenium\ProjectSpace\Webservices"/>
    <property name="file.separator" value="\"/>
    <property name="line.separator" value="&#10;"/>
    <property name="java.vm.specification.vendor" value="Oracle Corporation"/>
    <property name="java.specification.name" value="Java Platform API Specification"/>
    <property name="java.awt.graphicsenv" value="sun.awt.Win32GraphicsEnvironment"/>
    <property name="surefire.real.class.path" value="C:\Users\Prabhu\AppData\Local\Temp\surefire2773969408981510982\surefirebooter1655079530676346620.jar"/>
    <property name="sun.boot.class.path" value="C:\Program Files\Java\jdk1.8.0_121\jre\lib\resources.jar;C:\Program Files\Java\jdk1.8.0_121\jre\lib\rt.jar;C:\Program Files\Java\jdk1.8.0_121\jre\lib\sunrsasign.jar;C:\Program Files\Java\jdk1.8.0_121\jre\lib\jsse.jar;C:\Program Files\Java\jdk1.8.0_121\jre\lib\jce.jar;C:\Program Files\Java\jdk1.8.0_121\jre\lib\charsets.jar;C:\Program Files\Java\jdk1.8.0_121\jre\lib\jfr.jar;C:\Program Files\Java\jdk1.8.0_121\jre\classes"/>
    <property name="user.script" value=""/>
    <property name="sun.management.compiler" value="HotSpot 64-Bit Tiered Compilers"/>
    <property name="java.runtime.version" value="1.8.0_121-b13"/>
    <property name="user.name" value="Prabhu"/>
    <property name="path.separator" value=";"/>
    <property name="os.version" value="10.0"/>
    <property name="java.endorsed.dirs" value="C:\Program Files\Java\jdk1.8.0_121\jre\lib\endorsed"/>
    <property name="java.runtime.name" value="Java(TM) SE Runtime Environment"/>
    <property name="file.encoding" value="Cp1252"/>
    <property name="java.vm.name" value="Java HotSpot(TM) 64-Bit Server VM"/>
    <property name="localRepository" value="C:\Users\Prabhu\.m2\repository"/>
    <property name="java.vendor.url.bug" value="http://bugreport.sun.com/bugreport/"/>
    <property name="java.io.tmpdir" value="C:\Users\Prabhu\AppData\Local\Temp\"/>
    <property name="java.version" value="1.8.0_121"/>
    <property name="user.dir" value="D:\Selenium\ProjectSpace\Webservices"/>
    <property name="os.arch" value="amd64"/>
    <property name="java.vm.specification.name" value="Java Virtual Machine Specification"/>
    <property name="java.awt.printerjob" value="sun.awt.windows.WPrinterJob"/>
    <property name="sun.os.patch.level" value=""/>
    <property name="java.library.path" value="C:\Program Files\Java\jdk1.8.0_121\jre\bin;C:\WINDOWS\Sun\Java\bin;C:\WINDOWS\system32;C:\WINDOWS;C:/Program Files/Java/jre1.8.0_121/bin/server;C:/Program Files/Java/jre1.8.0_121/bin;C:/Program Files/Java/jre1.8.0_121/lib/amd64;C:\ProgramData\Oracle\Java\javapath;C:\Program Files (x86)\Intel\iCLS Client\;C:\Program Files\Intel\iCLS Client\;C:\WINDOWS\system32;C:\WINDOWS;C:\WINDOWS\System32\Wbem;C:\WINDOWS\System32\WindowsPowerShell\v1.0\;C:\Program Files (x86)\Intel\Intel(R) Management Engine Components\DAL;C:\Program Files\Intel\Intel(R) Management Engine Components\DAL;C:\Program Files (x86)\Intel\Intel(R) Management Engine Components\IPT;C:\Program Files\Intel\Intel(R) Management Engine Components\IPT;C:\Program Files\Java\jdk1.8.0_121\bin;D:\Selenium;D:\Technical QA\Softwares\apache-ant-1.9.7\bin;D:\Technical QA\Softwares\apache-maven-3.5.2\bin;C:\Program Files\Intel\WiFi\bin\;C:\Program Files\Common Files\Intel\WirelessCommon\;D:\Technical\Softwares\axis2-1.6.2\bin;C:\WINDOWS\System32\OpenSSH\;C:\Program Files\Mozilla Firefox\firefox.exe;C:\Users\Prabhu\AppData\Local\Programs\Python\Python36-32;C:\Users\Prabhu\AppData\Local\Programs\Python\Python36-32\Lib\site-packages;C:\Users\Prabhu\AppData\Local\Programs\Python\Python36-32\Lib;C:\Users\Prabhu\AppData\Local\Programs\Python\Python36-32\Lib\site-packages\selenium\webdriver;C:\Users\Prabhu\AppData\Local\Programs\Python\Python36-32\Lib\site-packages\selenium\common;C:\Users\Prabhu\AppData\Local\Programs\Python\Python36-32\Lib\site-packages\urllib3;D:\TechnicalPrograms\;C:\Program Files\Microsoft SQL Server\Client SDK\ODBC\130\Tools\Binn\;C:\Program Files (x86)\Microsoft SQL Server\140\Tools\Binn\;C:\Program Files\Microsoft SQL Server\140\Tools\Binn\;C:\Program Files\Microsoft SQL Server\140\DTS\Binn\;C:\Program Files (x86)\Microsoft SQL Server\Client SDK\ODBC\130\Tools\Binn\;C:\Program Files (x86)\Microsoft SQL Server\140\DTS\Binn\;C:\Program Files (x86)\Microsoft SQL Server\140\Tools\Binn\ManagementStudio\;C:\Program Files\Git\cmd;C:\Program Files\Git\mingw64\bin;C:\Program Files\Git\usr\bin;C:\Users\Prabhu\AppData\Local\Programs\Python\Python36-32\Scripts\;C:\Users\Prabhu\AppData\Local\Programs\Python\Python36-32\;C:\Users\Prabhu\AppData\Local\Microsoft\WindowsApps;C:\Users\Prabhu\AppData\Local\atom\bin;C:\Users\Prabhu\AppData\Local\Microsoft\WindowsApps;;D:\Technical QA\Softwares\eclipse;;."/>
    <property name="java.vm.info" value="mixed mode"/>
    <property name="java.vendor" value="Oracle Corporation"/>
    <property name="java.vm.version" value="25.121-b13"/>
    <property name="java.ext.dirs" value="C:\Program Files\Java\jdk1.8.0_121\jre\lib\ext;C:\WINDOWS\Sun\Java\lib\ext"/>
    <property name="sun.io.unicode.encoding" value="UnicodeLittle"/>
    <property name="java.class.version" value="52.0"/>
  </properties>
  <testcase name="TC_01_getSingleUserTest" classname="com.api.Webservices.Test.TC01getSingleUserTest" time="1.902"/>
  <testcase name="TC_02_getListOfResources" classname="com.api.Webservices.Test.TC02getListOfResources" time="0.691"/>
  <testcase name="TC_03_getSingleResource" classname="com.api.Webservices.Test.TC03getSingleResource" time="0.736"/>
  <testcase name="TC_04_getSingleResourceNotFound" classname="com.api.Webservices.Test.TC04getSingleResourceNotFound" time="0.668"/>
  <testcase name="TC_05_postCreateNewUser" classname="com.api.Webservices.Test.TC05postCreateNewUser" time="0.648"/>
</testsuite>