<?xml version="1.0" encoding="UTF-8"?>
<!-- Generated by org.testng.reporters.JUnitReportReporter -->
<testsuite skipped="0" hostname="DESKTOP-KHVE45V" name="com.api.Webservices.Test.TC05postCreateNewUser" tests="1" failures="0" timestamp="11 Dec 2018 17:30:45 GMT" time="2.507" errors="0">
  <testcase name="TC_05_postCreateNewUser" time="2.507" classname="com.api.Webservices.Test.TC05postCreateNewUser"/>
</testsuite> <!-- com.api.Webservices.Test.TC05postCreateNewUser -->
