<?xml version="1.0" encoding="UTF-8"?>
<!-- Generated by org.testng.reporters.JUnitReportReporter -->
<testsuite skipped="0" hostname="DESKTOP-KHVE45V" name="com.api.Test.HttpGetAPITest" tests="4" failures="0" timestamp="11 Dec 2018 09:51:48 GMT" time="4.218" errors="0">
  <testcase name="TC_01_getSingleUserTest" time="2.511" classname="com.api.Test.HttpGetAPITest"/>
  <testcase name="TC_02_getListOfResources" time="0.486" classname="com.api.Test.HttpGetAPITest"/>
  <testcase name="TC_04_getSingleResourceNotFound" time="0.723" classname="com.api.Test.HttpGetAPITest"/>
  <testcase name="TC_03_getSingleResource" time="0.498" classname="com.api.Test.HttpGetAPITest"/>
</testsuite> <!-- com.api.Test.HttpGetAPITest -->
