<?xml version="1.0" encoding="UTF-8"?>
<!-- Generated by org.testng.reporters.JUnitReportReporter -->
<testsuite skipped="0" hostname="DESKTOP-KHVE45V" name="com.api.Webservices.Test.TC02getListOfResources" tests="1" failures="0" timestamp="11 Dec 2018 12:22:37 GMT" time="0.471" errors="0">
  <testcase name="TC_02_getListOfResources" time="0.471" classname="com.api.Webservices.Test.TC02getListOfResources"/>
</testsuite> <!-- com.api.Webservices.Test.TC02getListOfResources -->
