<?xml version="1.0" encoding="UTF-8"?>
<!-- Generated by org.testng.reporters.JUnitReportReporter -->
<testsuite skipped="0" hostname="DESKTOP-KHVE45V" name="com.api.Webservices.Test.TC01getSingleUserTest" tests="1" failures="0" timestamp="11 Dec 2018 17:43:34 GMT" time="1.901" errors="0">
  <testcase name="TC_01_getSingleUserTest" time="1.901" classname="com.api.Webservices.Test.TC01getSingleUserTest"/>
</testsuite> <!-- com.api.Webservices.Test.TC01getSingleUserTest -->
