<?xml version="1.0" encoding="UTF-8"?>
<!-- Generated by org.testng.reporters.JUnitReportReporter -->
<testsuite skipped="0" hostname="DESKTOP-KHVE45V" name="com.api.Webservices.Test.TC03getSingleResource" tests="1" failures="0" timestamp="11 Dec 2018 17:43:34 GMT" time="0.737" errors="0">
  <testcase name="TC_03_getSingleResource" time="0.737" classname="com.api.Webservices.Test.TC03getSingleResource"/>
</testsuite> <!-- com.api.Webservices.Test.TC03getSingleResource -->
